client/build/app/outputs/mapping/release/seeds.txt
com.malikkurosaki.myprobus.my_probus.MainActivity
com.malikkurosaki.myprobus.my_probus.MainActivity: MainActivity()
...
androidx.window.layout.HardwareFoldingFeature$Type: HardwareFoldingFeature$Type(java.lang.String)
androidx.window.layout.SidecarCompat$registerConfigurationChangeListener$configChangeObserver$1: SidecarCompat$registerConfigurationChangeListener$configChangeObserver$1(androidx.window.layout.SidecarCompat,android.app.Activity)
androidx.window.embedding.SplitRuleParser: androidx.window.embedding.SplitPairFilter parseSplitPairFilter(android.content.Context,android.content.res.XmlResourceParser)
io.flutter.embedding.engine.FlutterJNI: android.graphics.Bitmap decodeImage(java.nio.ByteBuffer,long)
io.flutter.embedding.engine.FlutterJNI: void setAccessibilityDelegate(io.flutter.embedding.engine.FlutterJNI$AccessibilityDelegate)
androidx.window.layout.WindowInfoTrackerImpl$Companion: WindowInfoTrackerImpl$Companion(kotlin.jvm.internal.DefaultConstructorMarker)
io.flutter.embedding.engine.FlutterJNI: void detachFromNativeAndReleaseResources()
io.flutter.embedding.engine.FlutterJNI: void onPreEngineRestart()
androidx.window.core.Bounds: Bounds(int,int,int,int)
io.flutter.plugin.editing.ImeSyncDeferringInsetsCallback: android.view.WindowInsets access$400(io.flutter.plugin.editing.ImeSyncDeferringInsetsCallback)
androidx.window.layout.SidecarCompat: void onWindowLayoutChangeListenerRemoved(android.app.Activity)
androidx.window.embedding.EmbeddingTranslatingCallback: void accept(java.util.List)
io.flutter.embedding.engine.systemchannels.PlatformChannel$Brightness: io.flutter.embedding.engine.systemchannels.PlatformChannel$Brightness valueOf(java.lang.String)
io.flutter.embedding.engine.systemchannels.TextInputChannel$TextInputType: io.flutter.embedding.engine.systemchannels.TextInputChannel$TextInputType[] values()
androidx.window.layout.WindowMetricsCalculator: androidx.window.layout.WindowMetrics computeMaximumWindowMetrics(android.app.Activity)
kotlin.jvm.internal.FunctionReference: boolean isInline()
androidx.window.embedding.EmbeddingAdapter: boolean translateParentMetricsPredicate$lambda-4(androidx.window.embedding.SplitRule,android.view.WindowMetrics)
io.flutter.embedding.engine.FlutterJNI: void nativeImageHeaderCallback(long,int,int)
androidx.window.layout.SidecarWindowBackend$ExtensionListenerImpl: void onWindowLayoutChanged(android.app.Activity,androidx.window.layout.WindowLayoutInfo)
io.flutter.embedding.android.FlutterView: io.flutter.embedding.engine.FlutterEngine getAttachedFlutterEngine()
androidx.window.layout.SidecarWindowBackend$WindowLayoutChangeCallbackWrapper: void setLastInfo(androidx.window.layout.WindowLayoutInfo)
androidx.window.layout.ExtensionsWindowLayoutInfoAdapter: ExtensionsWindowLayoutInfoAdapter()
androidx.window.embedding.EmptyEmbeddingComponent: void setEmbeddingRules(java.util.Set)
androidx.window.embedding.EmbeddingInterfaceCompat: void setEmbeddingCallback(androidx.window.embedding.EmbeddingInterfaceCompat$EmbeddingCallbackInterface)
androidx.window.layout.SidecarCompat$FirstAttachAdapter: void onViewDetachedFromWindow(android.view.View)
kotlinx.coroutines.scheduling.CoroutineScheduler$WorkerState: kotlinx.coroutines.scheduling.CoroutineScheduler$WorkerState[] values()
kotlinx.coroutines.scheduling.CoroutineScheduler$WorkerState: kotlinx.coroutines.scheduling.CoroutineScheduler$WorkerState valueOf(java.lang.String)
androidx.window.layout.WindowMetricsCalculator$-CC: void overrideDecorator(androidx.window.layout.WindowMetricsCalculatorDecorator)
androidx.window.embedding.EmbeddingAdapter: java.lang.Object component2(android.util.Pair)
kotlin.coroutines.AbstractCoroutineContextElement: kotlin.coroutines.CoroutineContext minusKey(kotlin.coroutines.CoroutineContext$Key)
io.flutter.embedding.engine.FlutterJNI: void onRenderingStopped()
androidx.window.java.layout.WindowInfoTrackerCallbackAdapter: void addWindowLayoutInfoListener(android.app.Activity,java.util.concurrent.Executor,androidx.core.util.Consumer)
kotlin.jvm.internal.CallableReference: java.lang.Object callBy(java.util.Map)