client/build/app/outputs/mapping/release/mapping.txt
# compiler: R8
# compiler_version: 3.1.66
# min_api: 16
# pg_map_id: 964438f
# common_typos_disable
# {"id":"com.android.tools.r8.mapping","version":"1.0"}
...
kotlin.coroutines.ContinuationKt -> j0.f:
    void startCoroutine(kotlin.jvm.functions.Function2,java.lang.Object,kotlin.coroutines.Continuation) -> a
kotlin.coroutines.CoroutineContext -> j0.g:
kotlin.coroutines.CoroutineContext$DefaultImpls -> j0.g$a:
    kotlin.coroutines.CoroutineContext plus(kotlin.coroutines.CoroutineContext,kotlin.coroutines.CoroutineContext) -> a
kotlin.coroutines.CoroutineContext$Element -> j0.g$b:
kotlin.coroutines.CoroutineContext$Element$DefaultImpls -> j0.g$b$a:
    java.lang.Object fold(kotlin.coroutines.CoroutineContext$Element,java.lang.Object,kotlin.jvm.functions.Function2) -> a
    kotlin.coroutines.CoroutineContext$Element get(kotlin.coroutines.CoroutineContext$Element,kotlin.coroutines.CoroutineContext$Key) -> b
    kotlin.coroutines.CoroutineContext minusKey(kotlin.coroutines.CoroutineContext$Element,kotlin.coroutines.CoroutineContext$Key) -> c
    kotlin.coroutines.CoroutineContext plus(kotlin.coroutines.CoroutineContext$Element,kotlin.coroutines.CoroutineContext) -> d
kotlin.coroutines.CoroutineContext$Key -> j0.g$c:
kotlin.coroutines.CoroutineContext$plus$1 -> j0.g$a$a:
    kotlin.coroutines.CoroutineContext$plus$1 INSTANCE -> d
    kotlin.coroutines.CoroutineContext invoke(kotlin.coroutines.CoroutineContext,kotlin.coroutines.CoroutineContext$Element) -> a
kotlin.coroutines.EmptyCoroutineContext -> j0.h:
    kotlin.coroutines.EmptyCoroutineContext INSTANCE -> d
kotlin.coroutines.intrinsics.CoroutineSingletons -> k0.a:
    kotlin.coroutines.intrinsics.CoroutineSingletons UNDECIDED -> e
    kotlin.coroutines.intrinsics.CoroutineSingletons RESUMED -> f
    kotlin.coroutines.intrinsics.CoroutineSingletons COROUTINE_SUSPENDED -> d
    kotlin.coroutines.intrinsics.CoroutineSingletons[] $VALUES -> g
    kotlin.coroutines.intrinsics.CoroutineSingletons[] $values() -> a
kotlin.coroutines.intrinsics.IntrinsicsKt -> k0.b:
    kotlin.coroutines.Continuation createCoroutineUnintercepted(kotlin.jvm.functions.Function2,java.lang.Object,kotlin.coroutines.Continuation) -> a
      # {"id":"com.android.tools.r8.synthesized"}
    kotlin.coroutines.Continuation intercepted(kotlin.coroutines.Continuation) -> b
      # {"id":"com.android.tools.r8.synthesized"}
    java.lang.Object getCOROUTINE_SUSPENDED() -> c
      # {"id":"com.android.tools.r8.synthesized"}
kotlin.coroutines.intrinsics.IntrinsicsKt__IntrinsicsJvmKt -> k0.c:
    kotlin.coroutines.Continuation createCoroutineUnintercepted(kotlin.jvm.functions.Function2,java.lang.Object,kotlin.coroutines.Continuation) -> a
    kotlin.coroutines.Continuation intercepted(kotlin.coroutines.Continuation) -> b
kotlin.coroutines.intrinsics.IntrinsicsKt__IntrinsicsJvmKt$createCoroutineUnintercepted$$inlined$createCoroutineFromSuspendFunction$IntrinsicsKt__IntrinsicsJvmKt$3 -> k0.c$a:
    kotlin.jvm.functions.Function2 $this_createCoroutineUnintercepted$inlined -> f
    java.lang.Object $receiver$inlined -> g
    kotlin.coroutines.Continuation $completion -> e
    int label -> d
kotlin.coroutines.intrinsics.IntrinsicsKt__IntrinsicsJvmKt$createCoroutineUnintercepted$$inlined$createCoroutineFromSuspendFunction$IntrinsicsKt__IntrinsicsJvmKt$4 -> k0.c$b:
    kotlin.jvm.functions.Function2 $this_createCoroutineUnintercepted$inlined -> g
    java.lang.Object $receiver$inlined -> h
    kotlin.coroutines.Continuation $completion -> e
    kotlin.coroutines.CoroutineContext $context -> f
    int label -> d
kotlin.coroutines.intrinsics.IntrinsicsKt__IntrinsicsKt -> k0.d:
    java.lang.Object getCOROUTINE_SUSPENDED() -> c
kotlin.coroutines.jvm.internal.BaseContinuationImpl -> kotlin.coroutines.jvm.internal.a:
kotlin.coroutines.jvm.internal.Boxing -> kotlin.coroutines.jvm.internal.b:
    java.lang.Boolean boxBoolean(boolean) -> a
kotlin.coroutines.jvm.internal.CompletedContinuation -> kotlin.coroutines.jvm.internal.c:
    kotlin.coroutines.jvm.internal.CompletedContinuation INSTANCE -> d
kotlin.coroutines.jvm.internal.ContinuationImpl -> kotlin.coroutines.jvm.internal.d: