client/build/app/outputs/mapping/release/usage.txt
com.malikkurosaki.myprobus.my_probus.BuildConfig
com.malikkurosaki.myprobus.my_probus.R$attr
com.malikkurosaki.myprobus.my_probus.R$color
com.malikkurosaki.myprobus.my_probus.R$dimen
com.malikkurosaki.myprobus.my_probus.R$drawable
com.malikkurosaki.myprobus.my_probus.R$id
com.malikkurosaki.myprobus.my_probus.R$integer
com.malikkurosaki.myprobus.my_probus.R$layout
com.malikkurosaki.myprobus.my_probus.R$mipmap
com.malikkurosaki.myprobus.my_probus.R$string
com.malikkurosaki.myprobus.my_probus.R$style
com.malikkurosaki.myprobus.my_probus.R$styleable
com.malikkurosaki.myprobus.my_probus.R$xml
com.malikkurosaki.myprobus.my_probus.R
...
com.google.common.util.concurrent.AbstractFuture$UnsafeAtomicHelper
com.google.common.util.concurrent.AbstractFuture$Waiter
com.google.common.util.concurrent.AbstractFuture
com.google.common.util.concurrent.AbstractIdleService$1
com.google.common.util.concurrent.AbstractIdleService$DelegateService$1
com.google.common.util.concurrent.AbstractIdleService$DelegateService$2
com.google.common.util.concurrent.AbstractIdleService$DelegateService
com.google.common.util.concurrent.AbstractIdleService$ThreadNameSupplier
com.google.common.util.concurrent.AbstractIdleService
com.google.common.util.concurrent.AbstractListeningExecutorService
com.google.common.util.concurrent.AbstractScheduledService$1
com.google.common.util.concurrent.AbstractScheduledService$1ThreadFactoryImpl
com.google.common.util.concurrent.AbstractScheduledService$CustomScheduler$ReschedulableCallable
com.google.common.util.concurrent.AbstractScheduledService$CustomScheduler$Schedule
com.google.common.util.concurrent.AbstractScheduledService$CustomScheduler
com.google.common.util.concurrent.AbstractScheduledService$Scheduler$1
com.google.common.util.concurrent.AbstractScheduledService$Scheduler$2
com.google.common.util.concurrent.AbstractScheduledService$Scheduler
com.google.common.util.concurrent.AbstractScheduledService$ServiceDelegate$1
com.google.common.util.concurrent.AbstractScheduledService$ServiceDelegate$2
com.google.common.util.concurrent.AbstractScheduledService$ServiceDelegate$3
com.google.common.util.concurrent.AbstractScheduledService$ServiceDelegate$Task
com.google.common.util.concurrent.AbstractScheduledService$ServiceDelegate
com.google.common.util.concurrent.AbstractScheduledService
com.google.common.util.concurrent.AbstractService$1
com.google.common.util.concurrent.AbstractService$2
com.google.common.util.concurrent.AbstractService$3
com.google.common.util.concurrent.AbstractService$4
com.google.common.util.concurrent.AbstractService$5
com.google.common.util.concurrent.AbstractService$6
com.google.common.util.concurrent.AbstractService$HasReachedRunningGuard
com.google.common.util.concurrent.AbstractService$IsStartableGuard
com.google.common.util.concurrent.AbstractService$IsStoppableGuard
com.google.common.util.concurrent.AbstractService$IsStoppedGuard
com.google.common.util.concurrent.AbstractService$StateSnapshot
com.google.common.util.concurrent.AbstractService
com.google.common.util.concurrent.AbstractTransformFuture$AsyncTransformFuture
com.google.common.util.concurrent.AbstractTransformFuture$TransformFuture
com.google.common.util.concurrent.AbstractTransformFuture
com.google.common.util.concurrent.AggregateFuture$RunningState$1
com.google.common.util.concurrent.AggregateFuture$RunningState
com.google.common.util.concurrent.AggregateFuture
com.google.common.util.concurrent.AggregateFutureState$1
com.google.common.util.concurrent.AggregateFutureState$AtomicHelper
com.google.common.util.concurrent.AggregateFutureState$SafeAtomicHelper
com.google.common.util.concurrent.AggregateFutureState$SynchronizedAtomicHelper
com.google.common.util.concurrent.AggregateFutureState
com.google.common.util.concurrent.AsyncCallable
com.google.common.util.concurrent.AsyncFunction
com.google.common.util.concurrent.AtomicDouble
com.google.common.util.concurrent.AtomicDoubleArray
com.google.common.util.concurrent.AtomicLongMap$1
com.google.common.util.concurrent.AtomicLongMap
com.google.common.util.concurrent.Atomics
com.google.common.util.concurrent.Callables$1
com.google.common.util.concurrent.Callables$2
com.google.common.util.concurrent.Callables$3
com.google.common.util.concurrent.Callables$4
com.google.common.util.concurrent.Callables
com.google.common.util.concurrent.CollectionFuture$CollectionFutureRunningState
com.google.common.util.concurrent.CollectionFuture$ListFuture$ListFutureRunningState
com.google.common.util.concurrent.CollectionFuture$ListFuture
com.google.common.util.concurrent.CollectionFuture